<?xml version="1.0" encoding="UTF-8"?>
<testsuite xmlns:xsi="http://www.w3.org/2001/XMLSchema-instance" xsi:noNamespaceSchemaLocation="https://maven.apache.org/surefire/maven-surefire-plugin/xsd/surefire-test-report.xsd" name="com.test.employee.service.EmployeeServiceTest" time="0.024" tests="6" errors="0" skipped="0" failures="0">
  <properties>
    <property name="gopherProxySet" value="false"/>
    <property name="awt.toolkit" value="sun.lwawt.macosx.LWCToolkit"/>
    <property name="file.encoding.pkg" value="sun.io"/>
    <property name="java.specification.version" value="1.8"/>
    <property name="sun.cpu.isalist" value=""/>
    <property name="sun.jnu.encoding" value="UTF-8"/>
    <property name="java.class.path" value="/Users/hgovin001c/Documents/StudyProjects/Employee/target/test-classes:/Users/hgovin001c/Documents/StudyProjects/Employee/target/classes:/Users/hgovin001c/.m2/repository/org/springframework/spring-core/4.3.7.RELEASE/spring-core-4.3.7.RELEASE.jar:/Users/hgovin001c/.m2/repository/commons-logging/commons-logging/1.2/commons-logging-1.2.jar:/Users/hgovin001c/.m2/repository/org/springframework/spring-web/4.3.7.RELEASE/spring-web-4.3.7.RELEASE.jar:/Users/hgovin001c/.m2/repository/org/springframework/spring-aop/4.3.7.RELEASE/spring-aop-4.3.7.RELEASE.jar:/Users/hgovin001c/.m2/repository/org/springframework/spring-beans/4.3.7.RELEASE/spring-beans-4.3.7.RELEASE.jar:/Users/hgovin001c/.m2/repository/org/springframework/spring-context/4.3.7.RELEASE/spring-context-4.3.7.RELEASE.jar:/Users/hgovin001c/.m2/repository/org/springframework/spring-webmvc/4.3.7.RELEASE/spring-webmvc-4.3.7.RELEASE.jar:/Users/hgovin001c/.m2/repository/org/springframework/spring-expression/4.3.7.RELEASE/spring-expression-4.3.7.RELEASE.jar:/Users/hgovin001c/.m2/repository/org/springframework/spring-tx/4.3.7.RELEASE/spring-tx-4.3.7.RELEASE.jar:/Users/hgovin001c/.m2/repository/org/springframework/spring-orm/4.3.7.RELEASE/spring-orm-4.3.7.RELEASE.jar:/Users/hgovin001c/.m2/repository/org/springframework/spring-jdbc/4.3.7.RELEASE/spring-jdbc-4.3.7.RELEASE.jar:/Users/hgovin001c/.m2/repository/javax/servlet/javax.servlet-api/3.0.1/javax.servlet-api-3.0.1.jar:/Users/hgovin001c/.m2/repository/javax/servlet/jstl/1.2/jstl-1.2.jar:/Users/hgovin001c/.m2/repository/org/hibernate/hibernate-core/4.3.6.Final/hibernate-core-4.3.6.Final.jar:/Users/hgovin001c/.m2/repository/org/jboss/logging/jboss-logging/3.1.3.GA/jboss-logging-3.1.3.GA.jar:/Users/hgovin001c/.m2/repository/org/jboss/logging/jboss-logging-annotations/1.2.0.Beta1/jboss-logging-annotations-1.2.0.Beta1.jar:/Users/hgovin001c/.m2/repository/org/jboss/spec/javax/transaction/jboss-transaction-api_1.2_spec/1.0.0.Final/jboss-transaction-api_1.2_spec-1.0.0.Final.jar:/Users/hgovin001c/.m2/repository/dom4j/dom4j/1.6.1/dom4j-1.6.1.jar:/Users/hgovin001c/.m2/repository/xml-apis/xml-apis/1.0.b2/xml-apis-1.0.b2.jar:/Users/hgovin001c/.m2/repository/org/hibernate/common/hibernate-commons-annotations/4.0.5.Final/hibernate-commons-annotations-4.0.5.Final.jar:/Users/hgovin001c/.m2/repository/org/hibernate/javax/persistence/hibernate-jpa-2.1-api/1.0.0.Final/hibernate-jpa-2.1-api-1.0.0.Final.jar:/Users/hgovin001c/.m2/repository/org/javassist/javassist/3.18.1-GA/javassist-3.18.1-GA.jar:/Users/hgovin001c/.m2/repository/antlr/antlr/2.7.7/antlr-2.7.7.jar:/Users/hgovin001c/.m2/repository/org/jboss/jandex/1.1.0.Final/jandex-1.1.0.Final.jar:/Users/hgovin001c/.m2/repository/javax/validation/validation-api/1.1.0.Final/validation-api-1.1.0.Final.jar:/Users/hgovin001c/.m2/repository/org/hibernate/hibernate-validator/5.1.3.Final/hibernate-validator-5.1.3.Final.jar:/Users/hgovin001c/.m2/repository/com/fasterxml/classmate/1.0.0/classmate-1.0.0.jar:/Users/hgovin001c/.m2/repository/mysql/mysql-connector-java/8.0.20/mysql-connector-java-8.0.20.jar:/Users/hgovin001c/.m2/repository/com/google/protobuf/protobuf-java/3.6.1/protobuf-java-3.6.1.jar:/Users/hgovin001c/.m2/repository/joda-time/joda-time/2.3/joda-time-2.3.jar:/Users/hgovin001c/.m2/repository/org/jadira/usertype/usertype.core/3.0.0.CR1/usertype.core-3.0.0.CR1.jar:/Users/hgovin001c/.m2/repository/org/joda/joda-money/0.6/joda-money-0.6.jar:/Users/hgovin001c/.m2/repository/org/jadira/usertype/usertype.spi/3.0.0.CR1/usertype.spi-3.0.0.CR1.jar:/Users/hgovin001c/.m2/repository/org/apache/logging/log4j/log4j-core/2.8.2/log4j-core-2.8.2.jar:/Users/hgovin001c/.m2/repository/org/apache/logging/log4j/log4j-api/2.8.2/log4j-api-2.8.2.jar:/Users/hgovin001c/.m2/repository/org/apache/logging/log4j/log4j-jcl/2.8.2/log4j-jcl-2.8.2.jar:/Users/hgovin001c/.m2/repository/org/slf4j/slf4j-api/1.7.25/slf4j-api-1.7.25.jar:/Users/hgovin001c/.m2/repository/org/apache/logging/log4j/log4j-slf4j-impl/2.0.1/log4j-slf4j-impl-2.0.1.jar:/Users/hgovin001c/.m2/repository/org/springframework/spring-test/4.3.7.RELEASE/spring-test-4.3.7.RELEASE.jar:/Users/hgovin001c/.m2/repository/com/fasterxml/jackson/core/jackson-databind/2.10.0/jackson-databind-2.10.0.jar:/Users/hgovin001c/.m2/repository/com/fasterxml/jackson/core/jackson-core/2.10.0/jackson-core-2.10.0.jar:/Users/hgovin001c/.m2/repository/com/fasterxml/jackson/core/jackson-annotations/2.10.0/jackson-annotations-2.10.0.jar:/Users/hgovin001c/.m2/repository/junit/junit/4.12/junit-4.12.jar:/Users/hgovin001c/.m2/repository/org/hamcrest/hamcrest-core/1.3/hamcrest-core-1.3.jar:/Users/hgovin001c/.m2/repository/org/mockito/mockito-all/1.10.19/mockito-all-1.10.19.jar:/Users/hgovin001c/.m2/repository/com/h2database/h2/1.4.187/h2-1.4.187.jar:/Users/hgovin001c/.m2/repository/org/dbunit/dbunit/2.2/dbunit-2.2.jar:/Users/hgovin001c/.m2/repository/junit-addons/junit-addons/1.4/junit-addons-1.4.jar:/Users/hgovin001c/.m2/repository/xerces/xercesImpl/2.6.2/xercesImpl-2.6.2.jar:/Users/hgovin001c/.m2/repository/xerces/xmlParserAPIs/2.6.2/xmlParserAPIs-2.6.2.jar:/Users/hgovin001c/.m2/repository/poi/poi/2.5.1-final-20040804/poi-2.5.1-final-20040804.jar:/Users/hgovin001c/.m2/repository/commons-collections/commons-collections/3.1/commons-collections-3.1.jar:/Users/hgovin001c/.m2/repository/commons-lang/commons-lang/2.1/commons-lang-2.1.jar:"/>
    <property name="java.vm.vendor" value="AdoptOpenJDK"/>
    <property name="sun.arch.data.model" value="64"/>
    <property name="java.vendor.url" value="http://java.oracle.com/"/>
    <property name="user.timezone" value=""/>
    <property name="java.vm.specification.version" value="1.8"/>
    <property name="os.name" value="Mac OS X"/>
    <property name="user.country" value="US"/>
    <property name="sun.java.launcher" value="SUN_STANDARD"/>
    <property name="sun.boot.library.path" value="/Library/Java/JavaVirtualMachines/adoptopenjdk-8.jdk/Contents/Home/jre/lib"/>
    <property name="sun.java.command" value="/Users/hgovin001c/Documents/StudyProjects/Employee/target/surefire/surefirebooter8637142648787532861.jar /Users/hgovin001c/Documents/StudyProjects/Employee/target/surefire 2020-05-31T17-07-41_994-jvmRun1 surefire1665327128166846756tmp surefire_04875124017325691194tmp"/>
    <property name="surefire.test.class.path" value="/Users/hgovin001c/Documents/StudyProjects/Employee/target/test-classes:/Users/hgovin001c/Documents/StudyProjects/Employee/target/classes:/Users/hgovin001c/.m2/repository/org/springframework/spring-core/4.3.7.RELEASE/spring-core-4.3.7.RELEASE.jar:/Users/hgovin001c/.m2/repository/commons-logging/commons-logging/1.2/commons-logging-1.2.jar:/Users/hgovin001c/.m2/repository/org/springframework/spring-web/4.3.7.RELEASE/spring-web-4.3.7.RELEASE.jar:/Users/hgovin001c/.m2/repository/org/springframework/spring-aop/4.3.7.RELEASE/spring-aop-4.3.7.RELEASE.jar:/Users/hgovin001c/.m2/repository/org/springframework/spring-beans/4.3.7.RELEASE/spring-beans-4.3.7.RELEASE.jar:/Users/hgovin001c/.m2/repository/org/springframework/spring-context/4.3.7.RELEASE/spring-context-4.3.7.RELEASE.jar:/Users/hgovin001c/.m2/repository/org/springframework/spring-webmvc/4.3.7.RELEASE/spring-webmvc-4.3.7.RELEASE.jar:/Users/hgovin001c/.m2/repository/org/springframework/spring-expression/4.3.7.RELEASE/spring-expression-4.3.7.RELEASE.jar:/Users/hgovin001c/.m2/repository/org/springframework/spring-tx/4.3.7.RELEASE/spring-tx-4.3.7.RELEASE.jar:/Users/hgovin001c/.m2/repository/org/springframework/spring-orm/4.3.7.RELEASE/spring-orm-4.3.7.RELEASE.jar:/Users/hgovin001c/.m2/repository/org/springframework/spring-jdbc/4.3.7.RELEASE/spring-jdbc-4.3.7.RELEASE.jar:/Users/hgovin001c/.m2/repository/javax/servlet/javax.servlet-api/3.0.1/javax.servlet-api-3.0.1.jar:/Users/hgovin001c/.m2/repository/javax/servlet/jstl/1.2/jstl-1.2.jar:/Users/hgovin001c/.m2/repository/org/hibernate/hibernate-core/4.3.6.Final/hibernate-core-4.3.6.Final.jar:/Users/hgovin001c/.m2/repository/org/jboss/logging/jboss-logging/3.1.3.GA/jboss-logging-3.1.3.GA.jar:/Users/hgovin001c/.m2/repository/org/jboss/logging/jboss-logging-annotations/1.2.0.Beta1/jboss-logging-annotations-1.2.0.Beta1.jar:/Users/hgovin001c/.m2/repository/org/jboss/spec/javax/transaction/jboss-transaction-api_1.2_spec/1.0.0.Final/jboss-transaction-api_1.2_spec-1.0.0.Final.jar:/Users/hgovin001c/.m2/repository/dom4j/dom4j/1.6.1/dom4j-1.6.1.jar:/Users/hgovin001c/.m2/repository/xml-apis/xml-apis/1.0.b2/xml-apis-1.0.b2.jar:/Users/hgovin001c/.m2/repository/org/hibernate/common/hibernate-commons-annotations/4.0.5.Final/hibernate-commons-annotations-4.0.5.Final.jar:/Users/hgovin001c/.m2/repository/org/hibernate/javax/persistence/hibernate-jpa-2.1-api/1.0.0.Final/hibernate-jpa-2.1-api-1.0.0.Final.jar:/Users/hgovin001c/.m2/repository/org/javassist/javassist/3.18.1-GA/javassist-3.18.1-GA.jar:/Users/hgovin001c/.m2/repository/antlr/antlr/2.7.7/antlr-2.7.7.jar:/Users/hgovin001c/.m2/repository/org/jboss/jandex/1.1.0.Final/jandex-1.1.0.Final.jar:/Users/hgovin001c/.m2/repository/javax/validation/validation-api/1.1.0.Final/validation-api-1.1.0.Final.jar:/Users/hgovin001c/.m2/repository/org/hibernate/hibernate-validator/5.1.3.Final/hibernate-validator-5.1.3.Final.jar:/Users/hgovin001c/.m2/repository/com/fasterxml/classmate/1.0.0/classmate-1.0.0.jar:/Users/hgovin001c/.m2/repository/mysql/mysql-connector-java/8.0.20/mysql-connector-java-8.0.20.jar:/Users/hgovin001c/.m2/repository/com/google/protobuf/protobuf-java/3.6.1/protobuf-java-3.6.1.jar:/Users/hgovin001c/.m2/repository/joda-time/joda-time/2.3/joda-time-2.3.jar:/Users/hgovin001c/.m2/repository/org/jadira/usertype/usertype.core/3.0.0.CR1/usertype.core-3.0.0.CR1.jar:/Users/hgovin001c/.m2/repository/org/joda/joda-money/0.6/joda-money-0.6.jar:/Users/hgovin001c/.m2/repository/org/jadira/usertype/usertype.spi/3.0.0.CR1/usertype.spi-3.0.0.CR1.jar:/Users/hgovin001c/.m2/repository/org/apache/logging/log4j/log4j-core/2.8.2/log4j-core-2.8.2.jar:/Users/hgovin001c/.m2/repository/org/apache/logging/log4j/log4j-api/2.8.2/log4j-api-2.8.2.jar:/Users/hgovin001c/.m2/repository/org/apache/logging/log4j/log4j-jcl/2.8.2/log4j-jcl-2.8.2.jar:/Users/hgovin001c/.m2/repository/org/slf4j/slf4j-api/1.7.25/slf4j-api-1.7.25.jar:/Users/hgovin001c/.m2/repository/org/apache/logging/log4j/log4j-slf4j-impl/2.0.1/log4j-slf4j-impl-2.0.1.jar:/Users/hgovin001c/.m2/repository/org/springframework/spring-test/4.3.7.RELEASE/spring-test-4.3.7.RELEASE.jar:/Users/hgovin001c/.m2/repository/com/fasterxml/jackson/core/jackson-databind/2.10.0/jackson-databind-2.10.0.jar:/Users/hgovin001c/.m2/repository/com/fasterxml/jackson/core/jackson-core/2.10.0/jackson-core-2.10.0.jar:/Users/hgovin001c/.m2/repository/com/fasterxml/jackson/core/jackson-annotations/2.10.0/jackson-annotations-2.10.0.jar:/Users/hgovin001c/.m2/repository/junit/junit/4.12/junit-4.12.jar:/Users/hgovin001c/.m2/repository/org/hamcrest/hamcrest-core/1.3/hamcrest-core-1.3.jar:/Users/hgovin001c/.m2/repository/org/mockito/mockito-all/1.10.19/mockito-all-1.10.19.jar:/Users/hgovin001c/.m2/repository/com/h2database/h2/1.4.187/h2-1.4.187.jar:/Users/hgovin001c/.m2/repository/org/dbunit/dbunit/2.2/dbunit-2.2.jar:/Users/hgovin001c/.m2/repository/junit-addons/junit-addons/1.4/junit-addons-1.4.jar:/Users/hgovin001c/.m2/repository/xerces/xercesImpl/2.6.2/xercesImpl-2.6.2.jar:/Users/hgovin001c/.m2/repository/xerces/xmlParserAPIs/2.6.2/xmlParserAPIs-2.6.2.jar:/Users/hgovin001c/.m2/repository/poi/poi/2.5.1-final-20040804/poi-2.5.1-final-20040804.jar:/Users/hgovin001c/.m2/repository/commons-collections/commons-collections/3.1/commons-collections-3.1.jar:/Users/hgovin001c/.m2/repository/commons-lang/commons-lang/2.1/commons-lang-2.1.jar:"/>
    <property name="sun.cpu.endian" value="little"/>
    <property name="user.home" value="/Users/hgovin001c"/>
    <property name="user.language" value="en"/>
    <property name="java.specification.vendor" value="Oracle Corporation"/>
    <property name="java.home" value="/Library/Java/JavaVirtualMachines/adoptopenjdk-8.jdk/Contents/Home/jre"/>
    <property name="basedir" value="/Users/hgovin001c/Documents/StudyProjects/Employee"/>
    <property name="file.separator" value="/"/>
    <property name="line.separator" value="&#10;"/>
    <property name="java.vm.specification.vendor" value="Oracle Corporation"/>
    <property name="java.specification.name" value="Java Platform API Specification"/>
    <property name="java.awt.graphicsenv" value="sun.awt.CGraphicsEnvironment"/>
    <property name="surefire.real.class.path" value="/Users/hgovin001c/Documents/StudyProjects/Employee/target/surefire/surefirebooter8637142648787532861.jar"/>
    <property name="sun.boot.class.path" value="/Library/Java/JavaVirtualMachines/adoptopenjdk-8.jdk/Contents/Home/jre/lib/resources.jar:/Library/Java/JavaVirtualMachines/adoptopenjdk-8.jdk/Contents/Home/jre/lib/rt.jar:/Library/Java/JavaVirtualMachines/adoptopenjdk-8.jdk/Contents/Home/jre/lib/sunrsasign.jar:/Library/Java/JavaVirtualMachines/adoptopenjdk-8.jdk/Contents/Home/jre/lib/jsse.jar:/Library/Java/JavaVirtualMachines/adoptopenjdk-8.jdk/Contents/Home/jre/lib/jce.jar:/Library/Java/JavaVirtualMachines/adoptopenjdk-8.jdk/Contents/Home/jre/lib/charsets.jar:/Library/Java/JavaVirtualMachines/adoptopenjdk-8.jdk/Contents/Home/jre/lib/jfr.jar:/Library/Java/JavaVirtualMachines/adoptopenjdk-8.jdk/Contents/Home/jre/classes"/>
    <property name="sun.management.compiler" value="HotSpot 64-Bit Tiered Compilers"/>
    <property name="java.runtime.version" value="1.8.0_232-b09"/>
    <property name="user.name" value="hgovin001c"/>
    <property name="path.separator" value=":"/>
    <property name="os.version" value="10.15.4"/>
    <property name="java.endorsed.dirs" value="/Library/Java/JavaVirtualMachines/adoptopenjdk-8.jdk/Contents/Home/jre/lib/endorsed"/>
    <property name="java.runtime.name" value="OpenJDK Runtime Environment"/>
    <property name="file.encoding" value="UTF-8"/>
    <property name="java.vm.name" value="OpenJDK 64-Bit Server VM"/>
    <property name="localRepository" value="/Users/hgovin001c/.m2/repository"/>
    <property name="java.vendor.url.bug" value="http://bugreport.sun.com/bugreport/"/>
    <property name="java.io.tmpdir" value="/var/folders/9v/l7wny12j015_4pc2h0thsw_c0000gp/T/"/>
    <property name="java.version" value="1.8.0_232"/>
    <property name="user.dir" value="/Users/hgovin001c/Documents/StudyProjects/Employee"/>
    <property name="os.arch" value="x86_64"/>
    <property name="java.vm.specification.name" value="Java Virtual Machine Specification"/>
    <property name="java.awt.printerjob" value="sun.lwawt.macosx.CPrinterJob"/>
    <property name="sun.os.patch.level" value="unknown"/>
    <property name="java.library.path" value="/Users/hgovin001c/Library/Java/Extensions:/Library/Java/Extensions:/Network/Library/Java/Extensions:/System/Library/Java/Extensions:/usr/lib/java:."/>
    <property name="java.vm.info" value="mixed mode"/>
    <property name="java.vendor" value="AdoptOpenJDK"/>
    <property name="java.vm.version" value="25.232-b09"/>
    <property name="java.ext.dirs" value="/Users/hgovin001c/Library/Java/Extensions:/Library/Java/JavaVirtualMachines/adoptopenjdk-8.jdk/Contents/Home/jre/lib/ext:/Library/Java/Extensions:/Network/Library/Java/Extensions:/System/Library/Java/Extensions:/usr/lib/java"/>
    <property name="sun.io.unicode.encoding" value="UnicodeBig"/>
    <property name="java.class.version" value="52.0"/>
  </properties>
  <testcase name="testUpdateEmployeeSuccess" classname="com.test.employee.service.EmployeeServiceTest" time="0.007"/>
  <testcase name="testAddEmployeeSuccess" classname="com.test.employee.service.EmployeeServiceTest" time="0.002"/>
  <testcase name="testGetEmployeeSuccess" classname="com.test.employee.service.EmployeeServiceTest" time="0.002"/>
  <testcase name="testUpdateEmployeeUpdateError" classname="com.test.employee.service.EmployeeServiceTest" time="0.003"/>
  <testcase name="testAddEmployeeError" classname="com.test.employee.service.EmployeeServiceTest" time="0.002"/>
  <testcase name="testUpdateEmployeeNoEmployeeError" classname="com.test.employee.service.EmployeeServiceTest" time="0.001"/>
</testsuite>